{"C:\\Users\\Kashish\\Documents\\Work\\react-testing-1\\src\\components\\greet\\greet.tsx": {"path":"C:\\Users\\Kashish\\Documents\\Work\\react-testing-1\\src\\components\\greet\\greet.tsx","statementMap":{"0":{"start":{"line":1,"column":21},"end":{"line":4,"column":1}},"1":{"start":{"line":2,"column":19},"end":{"line":2,"column":23}},"2":{"start":{"line":3,"column":2},"end":{"line":3,"column":46}},"3":{"start":{"line":1,"column":13},"end":{"line":1,"column":21}}},"fnMap":{"0":{"name":"(anonymous_0)","decl":{"start":{"line":1,"column":21},"end":{"line":1,"column":22}},"loc":{"start":{"line":1,"column":49},"end":{"line":4,"column":1}}}},"branchMap":{"0":{"loc":{"start":{"line":3,"column":19},"end":{"line":3,"column":38}},"type":"cond-expr","locations":[{"start":{"line":3,"column":26},"end":{"line":3,"column":30}},{"start":{"line":3,"column":31},"end":{"line":3,"column":38}}]}},"s":{"0":1,"1":1,"2":1,"3":1},"f":{"0":1},"b":{"0":[0,1]}}
}
